2019-11-21 13:31:42,208 [INFO]- ======== RUN CRAWL FAHASA DATA-2019-11-21 13:31:42.207818 =========
2019-11-21 13:31:42,214 [DEBUG]- Starting new HTTPS connection (1): www.fahasa.com:443
2019-11-21 13:31:42,490 [DEBUG]- https://www.fahasa.com:443 "GET /fahasa_catalog/product/loadproducts?category_id=11&currentPage=1&limit=1198&order=num_orders HTTP/1.1" 200 None
2019-11-21 13:32:50,101 [INFO]- ======== RUN CRAWL FAHASA DATA-2019-11-21 13:32:50.101777 =========
2019-11-21 13:32:50,108 [DEBUG]- Starting new HTTPS connection (1): www.fahasa.com:443
2019-11-21 13:32:50,260 [DEBUG]- https://www.fahasa.com:443 "GET /fahasa_catalog/product/loadproducts?category_id=11&currentPage=1&limit=1198&order=num_orders HTTP/1.1" 200 115043
2019-11-21 13:32:50,439 [INFO]- No product :1
2019-11-21 13:32:50,446 [DEBUG]- Starting new HTTPS connection (1): www.fahasa.com:443
2019-11-21 13:32:51,427 [DEBUG]- https://www.fahasa.com:443 "GET /day-con-lam-giau-tap-1-tai-ban-2018.html HTTP/1.1" 200 None
2019-11-21 13:32:52,047 [INFO]- No product :2
2019-11-21 13:32:52,050 [DEBUG]- Starting new HTTPS connection (1): www.fahasa.com:443
2019-11-21 13:32:52,949 [DEBUG]- https://www.fahasa.com:443 "GET /thien-nga-den-215497.html HTTP/1.1" 200 None
2019-11-21 13:32:53,605 [INFO]- No product :3
2019-11-21 13:32:53,609 [DEBUG]- Starting new HTTPS connection (1): www.fahasa.com:443
2019-11-21 13:32:54,676 [DEBUG]- https://www.fahasa.com:443 "GET /tu-tot-den-vi-dai-jim-collins-tai-ban-2017.html HTTP/1.1" 200 None
2019-11-21 13:32:55,352 [INFO]- No product :4
2019-11-21 13:32:55,355 [DEBUG]- Starting new HTTPS connection (1): www.fahasa.com:443
2019-11-21 13:32:56,377 [DEBUG]- https://www.fahasa.com:443 "GET /7-cau-hoi-than-ky-cua-moi-sep-gioi.html HTTP/1.1" 200 None
2019-11-21 13:32:57,004 [INFO]- No product :5
2019-11-21 13:32:57,008 [DEBUG]- Starting new HTTPS connection (1): www.fahasa.com:443
2019-11-21 13:32:58,136 [DEBUG]- https://www.fahasa.com:443 "GET /nguyen-tac-thiet-ke-slide-chuan-ted.html HTTP/1.1" 200 None
2019-11-21 13:32:58,760 [INFO]- No product :6
2019-11-21 13:32:58,763 [DEBUG]- Starting new HTTPS connection (1): www.fahasa.com:443
2019-11-21 13:32:59,717 [DEBUG]- https://www.fahasa.com:443 "GET /day-con-lam-giau-tap-2-su-dung-dong-von-tai-ban-2016.html HTTP/1.1" 200 None
2019-11-21 13:33:00,303 [INFO]- No product :7
2019-11-21 13:33:00,306 [DEBUG]- Starting new HTTPS connection (1): www.fahasa.com:443
2019-11-21 13:33:01,271 [DEBUG]- https://www.fahasa.com:443 "GET /kpi-cong-cu-quan-ly-nhan-su-hieu-qua.html HTTP/1.1" 200 None
2019-11-21 13:33:01,837 [INFO]- No product :8
2019-11-21 13:33:01,840 [DEBUG]- Starting new HTTPS connection (1): www.fahasa.com:443
2019-11-21 13:33:02,913 [DEBUG]- https://www.fahasa.com:443 "GET /day-con-lam-giau-tap-8-de-co-nhung-dong-tien-tich-cuc-tai-ban-2016.html HTTP/1.1" 200 None
2019-11-21 13:33:03,487 [INFO]- No product :9
2019-11-21 13:33:03,490 [DEBUG]- Starting new HTTPS connection (1): www.fahasa.com:443
2019-11-21 13:33:04,491 [DEBUG]- https://www.fahasa.com:443 "GET /day-con-lam-giau-tap-3-tai-ban-2016.html HTTP/1.1" 200 None
2019-11-21 13:33:05,021 [INFO]- No product :10
2019-11-21 13:33:05,025 [DEBUG]- Starting new HTTPS connection (1): www.fahasa.com:443
2019-11-21 13:33:05,999 [DEBUG]- https://www.fahasa.com:443 "GET /day-con-lam-giau-04.html HTTP/1.1" 200 None
2019-11-21 13:33:06,539 [INFO]- No product :11
2019-11-21 13:33:06,542 [DEBUG]- Starting new HTTPS connection (1): www.fahasa.com:443
2019-11-21 13:33:07,426 [DEBUG]- https://www.fahasa.com:443 "GET /no-nan-va-quy-du.html HTTP/1.1" 200 None
2019-11-21 13:33:08,220 [INFO]- No product :12
2019-11-21 13:33:08,225 [DEBUG]- Starting new HTTPS connection (1): www.fahasa.com:443
2019-11-21 13:33:09,151 [DEBUG]- https://www.fahasa.com:443 "GET /day-con-lam-giau-tap-6-tai-ban-2017.html HTTP/1.1" 200 None
2019-11-21 13:33:09,714 [INFO]- No product :13
2019-11-21 13:33:09,717 [DEBUG]- Starting new HTTPS connection (1): www.fahasa.com:443
2019-11-21 13:33:10,642 [DEBUG]- https://www.fahasa.com:443 "GET /day-con-lam-giau-tap-7-ai-da-lay-tien-cua-toi-tai-ban-2017.html HTTP/1.1" 200 None
2019-11-21 13:33:11,212 [INFO]- No product :14
2019-11-21 13:33:11,216 [DEBUG]- Starting new HTTPS connection (1): www.fahasa.com:443
